
Showing logs for build [32menmobilellc-ms-identity-java-we-9tzv4-2[0m stage [32mfrom-build-pack[0m and container [32mstep-credential-initializer-gdtlq[0m
{"level":"warn","ts":1576530732.378643,"logger":"fallback-logger","caller":"logging/config.go:69","msg":"Fetch GitHub commit ID from kodata failed: \"ref: refs/heads/master\" is not a valid GitHub commit ID"}
{"level":"info","ts":1576530732.37944,"logger":"fallback-logger","caller":"creds-init/main.go:40","msg":"Credentials initialized."}

Showing logs for build [32menmobilellc-ms-identity-java-we-9tzv4-2[0m stage [32mfrom-build-pack[0m and container [32mstep-working-dir-initializer-vkx5t[0m
{"level":"warn","ts":1576530733.5224237,"logger":"fallback-logger","caller":"logging/config.go:69","msg":"Fetch GitHub commit ID from kodata failed: open /var/run/ko/HEAD: no such file or directory"}
{"level":"info","ts":1576530733.5251467,"logger":"fallback-logger","caller":"bash/main.go:65","msg":"Successfully executed command \"mkdir -p /workspace/source\""}

Showing logs for build [32menmobilellc-ms-identity-java-we-9tzv4-2[0m stage [32mfrom-build-pack[0m and container [32mstep-place-tools[0m

Showing logs for build [32menmobilellc-ms-identity-java-we-9tzv4-2[0m stage [32mfrom-build-pack[0m and container [32mstep-git-source-enmobilellc-ms-identity-java-we-7m9mm[0m
{"level":"warn","ts":1576530742.5705762,"logger":"fallback-logger","caller":"logging/config.go:69","msg":"Fetch GitHub commit ID from kodata failed: \"ref: refs/heads/master\" is not a valid GitHub commit ID"}
{"level":"info","ts":1576530742.880468,"logger":"fallback-logger","caller":"git/git.go:102","msg":"Successfully cloned https://github.com/EnMobileLLC/ms-identity-java-webapp.git @ v101441.0.3 in path /workspace/source"}

Showing logs for build [32menmobilellc-ms-identity-java-we-9tzv4-2[0m stage [32mfrom-build-pack[0m and container [32mstep-git-merge[0m
Using SHAs from PULL_REFS=master:29e15ebde808e5aa45775c05e54b0add39631661
WARNING: no SHAs to merge, falling back to initial cloned commit

Showing logs for build [32menmobilellc-ms-identity-java-we-9tzv4-2[0m stage [32mfrom-build-pack[0m and container [32mstep-setup-jx-git-credentials[0m
Generated Git credentials file /workspace/xdg_config/git/credentials

Showing logs for build [32menmobilellc-ms-identity-java-we-9tzv4-2[0m stage [32mfrom-build-pack[0m and container [32mstep-build-mvn-deploy[0m
Picked up _JAVA_OPTIONS: -XX:+UnlockExperimentalVMOptions -XX:+UseCGroupMemoryLimitForHeap -Dsun.zip.disableMemoryMapping=true -XX:+UseParallelGC -XX:MinHeapFreeRatio=5 -XX:MaxHeapFreeRatio=10 -XX:GCTimeRatio=4 -XX:AdaptiveSizePolicyWeight=90 -Xms10m -Xmx192m
OpenJDK 64-Bit Server VM warning: If the number of processors is expected to increase from one, then you should configure the number of parallel GC threads appropriately using -XX:ParallelGCThreads=N
[INFO] Scanning for projects...
[INFO] 
[INFO] ----------------< com.microsoft.azure:msal-web-sample >-----------------
[INFO] Building msal-web-sample 101441.0.3
[INFO] --------------------------------[ war ]---------------------------------
[INFO] 
[INFO] --- maven-clean-plugin:3.1.0:clean (default-clean) @ msal-web-sample ---
[INFO] 
[INFO] --- maven-resources-plugin:3.1.0:resources (default-resources) @ msal-web-sample ---
[INFO] Using 'UTF-8' encoding to copy filtered resources.
[INFO] Copying 1 resource
[INFO] Copying 4 resources
[INFO] 
[INFO] --- maven-compiler-plugin:3.8.0:compile (default-compile) @ msal-web-sample ---
[INFO] Changes detected - recompiling the module!
[INFO] Compiling 10 source files to /workspace/source/target/classes
[INFO] /workspace/source/src/main/java/com/microsoft/azure/msalwebsample/SessionManagementHelper.java: /workspace/source/src/main/java/com/microsoft/azure/msalwebsample/SessionManagementHelper.java uses unchecked or unsafe operations.
[INFO] /workspace/source/src/main/java/com/microsoft/azure/msalwebsample/SessionManagementHelper.java: Recompile with -Xlint:unchecked for details.
[INFO] 
[INFO] --- maven-resources-plugin:3.1.0:testResources (default-testResources) @ msal-web-sample ---
[INFO] Using 'UTF-8' encoding to copy filtered resources.
[INFO] skip non existing resourceDirectory /workspace/source/src/test/resources
[INFO] 
[INFO] --- maven-compiler-plugin:3.8.0:testCompile (default-testCompile) @ msal-web-sample ---
[INFO] No sources to compile
[INFO] 
[INFO] --- maven-surefire-plugin:3.0.0-M1:test (default-test) @ msal-web-sample ---
[INFO] No tests to run.
[INFO] 
[INFO] --- maven-war-plugin:3.2.2:war (default-war) @ msal-web-sample ---
[INFO] Packaging webapp
[INFO] Assembling webapp [msal-web-sample] in [/workspace/source/target/msal-web-sample-101441.0.3]
[INFO] Processing war project
[INFO] Webapp assembled in [283 msecs]
[INFO] Building war: /workspace/source/target/msal-web-sample-101441.0.3.war
[INFO] 
[INFO] --- spring-boot-maven-plugin:2.1.4.RELEASE:repackage (repackage) @ msal-web-sample ---
[INFO] Replacing main artifact with repackaged archive
[INFO] 
[INFO] --- maven-install-plugin:2.5.2:install (default-install) @ msal-web-sample ---
[INFO] Installing /workspace/source/target/msal-web-sample-101441.0.3.war to /home/jenkins/.mvnrepository/com/microsoft/azure/msal-web-sample/101441.0.3/msal-web-sample-101441.0.3.war
[INFO] Installing /workspace/source/pom.xml to /home/jenkins/.mvnrepository/com/microsoft/azure/msal-web-sample/101441.0.3/msal-web-sample-101441.0.3.pom
[INFO] 
[INFO] --- maven-deploy-plugin:2.8.2:deploy (default-deploy) @ msal-web-sample ---
[INFO] Using alternate deployment repository local-nexus::default::http://nexus/repository/maven-releases/
[INFO] ------------------------------------------------------------------------
[INFO] BUILD SUCCESS
[INFO] ------------------------------------------------------------------------
[INFO] Total time:  36.307 s
[INFO] Finished at: 2019-12-16T21:13:04Z
[INFO] ------------------------------------------------------------------------

Showing logs for build [32menmobilellc-ms-identity-java-we-9tzv4-2[0m stage [32mfrom-build-pack[0m and container [32mstep-build-skaffold-version[0m
v1.0.1

Showing logs for build [32menmobilellc-ms-identity-java-we-9tzv4-2[0m stage [32mfrom-build-pack[0m and container [32mstep-build-container-build[0m
[36mINFO[0m[0000] Downloading base image openjdk:8-jdk-slim    
[36mINFO[0m[0000] Error while retrieving image from cache: getting file info: stat /workspace/sha256:c97eb5f626198602270d17adebaf19b7ab1080db65263107efbb95efee3fefe0: no such file or directory 
[36mINFO[0m[0000] Downloading base image openjdk:8-jdk-slim    
[36mINFO[0m[0000] cmd: EXPOSE                                  
[36mINFO[0m[0000] Adding exposed port: 8080/tcp                
[36mINFO[0m[0000] Using files from context: [/workspace/source/pom.xml] 
[36mINFO[0m[0000] Using files from context: [/workspace/source/target/msal-web-sample-101441.0.3.war] 
[36mINFO[0m[0000] Skipping unpacking as no commands require it. 
[36mINFO[0m[0000] Taking snapshot of full filesystem...        
[36mINFO[0m[0002] ENV PORT 8080                                
[36mINFO[0m[0002] No files changed in this command, skipping snapshotting. 
[36mINFO[0m[0002] ENV CLASSPATH /opt/lib                       
[36mINFO[0m[0002] No files changed in this command, skipping snapshotting. 
[36mINFO[0m[0002] EXPOSE 8080                                  
[36mINFO[0m[0002] cmd: EXPOSE                                  
[36mINFO[0m[0002] Adding exposed port: 8080/tcp                
[36mINFO[0m[0002] No files changed in this command, skipping snapshotting. 
[36mINFO[0m[0002] Using files from context: [/workspace/source/pom.xml] 
[36mINFO[0m[0002] COPY pom.xml target/lib* /opt/lib/           
[36mINFO[0m[0002] Taking snapshot of files...                  
[36mINFO[0m[0002] Using files from context: [/workspace/source/target/msal-web-sample-101441.0.3.war] 
[36mINFO[0m[0002] COPY target/*.war /opt/app.jar               
[36mINFO[0m[0002] Taking snapshot of files...                  
[36mINFO[0m[0003] WORKDIR /opt                                 
[36mINFO[0m[0003] cmd: workdir                                 
[36mINFO[0m[0003] Changed working directory to /opt            
[36mINFO[0m[0003] No files changed in this command, skipping snapshotting. 
[36mINFO[0m[0003] CMD ["java", "-XX:+UnlockExperimentalVMOptions", "-XX:+UseCGroupMemoryLimitForHeap", "-jar", "app.jar"] 
[36mINFO[0m[0003] No files changed in this command, skipping snapshotting. 
2019/12/16 21:13:10 existing blob: sha256:2f1dc2bdcfe193ce54affa45170354ca76667c40f8cf536b6282dd379e17e24a
2019/12/16 21:13:10 existing blob: sha256:000eee12ec04cc914bf96e8f5dee7767510c2aca3816af6078bd9fbe3150920c
2019/12/16 21:13:10 existing blob: sha256:c2a806caa98c159f2c9254dabd60e04352b5c8b46d2e6cc9bd8f7bfc037a4e0b
2019/12/16 21:13:10 existing blob: sha256:c5943b75c9747aebea25c3fc4bf3d4b4247101176b78ada93d08446dd33f94a0
2019/12/16 21:13:12 pushed blob: sha256:438629808d74b0167d0625dbaaf23f945a42b4e05c5d938ca06ebf96a5254251
2019/12/16 21:13:12 pushed blob: sha256:eee5555559110171907b9370c95cf7910dea56ef2ed443e874a6ba57e3a715c4
2019/12/16 21:13:13 pushed blob: sha256:579b7bc218260c88978f9f91aee9f178bc9631c098a5e01d44deabfb3749f256
2019/12/16 21:13:13 index.docker.io/enmobilellc/ms-identity-java-webapp:101441.0.3: digest: sha256:918a3eb22490a1c29854f285cadd2860dd62c73f5977fd7743b55e7f20da8ba8 size: 1244

Showing logs for build [32menmobilellc-ms-identity-java-we-9tzv4-2[0m stage [32mfrom-build-pack[0m and container [32mstep-build-post-build[0m
no CVE provider running in the current ** namespace so skip adding image to be analysed

Showing logs for build [32menmobilellc-ms-identity-java-we-9tzv4-2[0m stage [32mfrom-build-pack[0m and container [32mstep-promote-changelog[0m
Converted /workspace/source/charts/ms-identity-java-webapp to an unshallow repository
Generating change log from git ref 6622ba53518c519e0b12eda403fdeb3216c0581c => a402a7801b0f141af78f868f6b814adcad51ca64
Associating user x-0 in users.jenkins.io with email chris.kovacs@sherwin.com to git GitProvider user with login -0 as emails match
Adding label jenkins.io/git-github-userid=-0 to user x-0 in users.jenkins.io
WARNING: Failed to enrich commit 78c1322c37113b6cbba16a2107701cd17a1bd12c with issues: User.jenkins.io "x-0" is invalid: metadata.labels: Invalid value: "-0": a valid label must be an empty string or consist of alphanumeric characters, '-', '_' or '.', and must start and end with an alphanumeric character (e.g. 'MyValue',  or 'my_value',  or '12345', regex used for validation is '(([A-Za-z0-9][-A-Za-z0-9_.]*)?[A-Za-z0-9])?')
Finding issues in commit messages using git format
WARNING: No release found for EnMobileLLC/ms-identity-java-webapp and tag v101441.0.3 so creating a new release
Updated the release information at https://github.com/EnMobileLLC/ms-identity-java-webapp/releases/tag/v101441.0.3
generated: /workspace/source/charts/ms-identity-java-webapp/templates/release.yaml
Created Release ms-identity-java-webapp-101441-0-3 resource in namespace **
Updating PipelineActivity enmobilellc-ms-identity-java-webapp-master-2 with version 101441.0.3
Updated PipelineActivities enmobilellc-ms-identity-java-webapp-master-2 with release notes URL: https://github.com/EnMobileLLC/ms-identity-java-webapp/releases/tag/v101441.0.3

Showing logs for build [32menmobilellc-ms-identity-java-we-9tzv4-2[0m stage [32mfrom-build-pack[0m and container [32mstep-promote-helm-release[0m
WARNING: No $CHART_REPOSITORY defined so using the default value of: http://jenkins-x-chartmuseum:8080
Adding missing Helm repo: storage.googleapis.com https://storage.googleapis.com/chartmuseum.jenkins-x.io
Successfully added Helm repository storage.googleapis.com.
Adding missing Helm repo: jenkins-x-chartmuseum http://jenkins-x-chartmuseum:8080
Successfully added Helm repository jenkins-x-chartmuseum.
WARNING: No $CHART_REPOSITORY defined so using the default value of: http://jenkins-x-chartmuseum:8080
Uploading chart file ms-identity-java-webapp-101441.0.3.tgz to http://jenkins-x-chartmuseum:8080/api/charts
Received 201 response: {"saved":true}

Showing logs for build [32menmobilellc-ms-identity-java-we-9tzv4-2[0m stage [32mfrom-build-pack[0m and container [32mstep-promote-jx-promote[0m
WARNING: prow based install so skip waiting for the merge of Pull Requests to go green as currently there is an issue with gettingstatuses from the PR, see https://github.com/jenkins-x/**/issues/2410
WARNING: No $CHART_REPOSITORY defined so using the default value of: http://jenkins-x-chartmuseum:8080
Promoting app ms-identity-java-webapp version 101441.0.3 to namespace **-staging
Created Pull Request: https://github.com/EnMobileLLC/environment-darwinpulse-staging/pull/1
Added label updatebot to Pull Request https://github.com/EnMobileLLC/environment-darwinpulse-staging/pull/1
WARNING: Failed to query the Pull Request last commit status for https://github.com/EnMobileLLC/environment-darwinpulse-staging/pull/1 ref abcc9d09ffdad4c7489052d31a43f1dae8f70e0b Could not find a status for repository enmobilellc/environment-darwinpulse-staging with ref abcc9d09ffdad4c7489052d31a43f1dae8f70e0b
WARNING: Failed to query the Pull Request last commit status for https://github.com/EnMobileLLC/environment-darwinpulse-staging/pull/1 ref abcc9d09ffdad4c7489052d31a43f1dae8f70e0b Could not find a status for repository enmobilellc/environment-darwinpulse-staging with ref abcc9d09ffdad4c7489052d31a43f1dae8f70e0b
Pull Request https://github.com/EnMobileLLC/environment-darwinpulse-staging/pull/1 is merged at sha 79400d15fcdcd2f93ee0ba65759b5a15a24a405c
Pull Request merged but we are not waiting for the update pipeline to complete!
WARNING: Could not find the service URL in namespace **-staging for names ms-identity-java-webapp, **-ms-identity-java-webapp, **-staging-ms-identity-java-webapp
